WARNING: A terminally deprecated method in sun.misc.Unsafe has been called
WARNING: sun.misc.Unsafe::staticFieldBase has been called by com.google.inject.internal.aop.HiddenClassDefiner (file:/opt/homebrew/Cellar/maven/3.9.11/libexec/lib/guice-5.1.0-classes.jar)
WARNING: Please consider reporting this to the maintainers of class com.google.inject.internal.aop.HiddenClassDefiner
WARNING: sun.misc.Unsafe::staticFieldBase will be removed in a future release
[INFO] Scanning for projects...
[INFO] 
[INFO] --------------------------< com.rahul:cv-app >--------------------------
[INFO] Building cv-app 0.0.1-SNAPSHOT
[INFO]   from pom.xml
[INFO] --------------------------------[ jar ]---------------------------------
[INFO] 
[INFO] >>> spring-boot:3.2.7:run (default-cli) > test-compile @ cv-app >>>
[INFO] 
[INFO] --- resources:3.3.1:resources (default-resources) @ cv-app ---
[INFO] Copying 1 resource from src/main/resources to target/classes
[INFO] Copying 3 resources from src/main/resources to target/classes
[INFO] 
[INFO] --- compiler:3.11.0:compile (default-compile) @ cv-app ---
[INFO] Nothing to compile - all classes are up to date
[INFO] 
[INFO] --- resources:3.3.1:testResources (default-testResources) @ cv-app ---
[INFO] skip non existing resourceDirectory /Users/rahul/Desktop/repos/App/src/test/resources
[INFO] 
[INFO] --- compiler:3.11.0:testCompile (default-testCompile) @ cv-app ---
[INFO] No sources to compile
[INFO] 
[INFO] <<< spring-boot:3.2.7:run (default-cli) < test-compile @ cv-app <<<
[INFO] 
[INFO] 
[INFO] --- spring-boot:3.2.7:run (default-cli) @ cv-app ---
[INFO] Attaching agents: []

  .   ____          _            __ _ _
 /\\ / ___'_ __ _ _(_)_ __  __ _ \ \ \ \
( ( )\___ | '_ | '_| | '_ \/ _` | \ \ \ \
 \\/  ___)| |_)| | | | | || (_| |  ) ) ) )
  '  |____| .__|_| |_|_| |_\__, | / / / /
 =========|_|==============|___/=/_/_/_/
 :: Spring Boot ::                (v3.2.7)

2025-07-23T03:07:28.922+05:30  INFO 99559 --- [cv-app] [           main] com.rahul.cvapp.CvApplication            : Starting CvApplication using Java 24.0.1 with PID 99559 (/Users/rahul/Desktop/repos/App/target/classes started by rahul in /Users/rahul/Desktop/repos/App)
2025-07-23T03:07:28.923+05:30  INFO 99559 --- [cv-app] [           main] com.rahul.cvapp.CvApplication            : No active profile set, falling back to 1 default profile: "default"
WARNING: A restricted method in java.lang.System has been called
WARNING: java.lang.System::load has been called by org.apache.tomcat.jni.Library in an unnamed module (file:/Users/rahul/.m2/repository/org/apache/tomcat/embed/tomcat-embed-core/10.1.25/tomcat-embed-core-10.1.25.jar)
WARNING: Use --enable-native-access=ALL-UNNAMED to avoid a warning for callers in this module
WARNING: Restricted methods will be blocked in a future release unless native access is enabled

2025-07-23T03:07:29.145+05:30  INFO 99559 --- [cv-app] [           main] o.s.b.w.embedded.tomcat.TomcatWebServer  : Tomcat initialized with port 8081 (http)
2025-07-23T03:07:29.148+05:30  INFO 99559 --- [cv-app] [           main] o.apache.catalina.core.StandardService   : Starting service [Tomcat]
2025-07-23T03:07:29.148+05:30  INFO 99559 --- [cv-app] [           main] o.apache.catalina.core.StandardEngine    : Starting Servlet engine: [Apache Tomcat/10.1.25]
2025-07-23T03:07:29.160+05:30  INFO 99559 --- [cv-app] [           main] o.a.c.c.C.[Tomcat].[localhost].[/]       : Initializing Spring embedded WebApplicationContext
2025-07-23T03:07:29.160+05:30  INFO 99559 --- [cv-app] [           main] w.s.c.ServletWebServerApplicationContext : Root WebApplicationContext: initialization completed in 223 ms
2025-07-23T03:07:29.251+05:30  INFO 99559 --- [cv-app] [           main] o.s.b.w.embedded.tomcat.TomcatWebServer  : Tomcat started on port 8081 (http) with context path ''
2025-07-23T03:07:29.254+05:30  INFO 99559 --- [cv-app] [           main] com.rahul.cvapp.CvApplication            : Started CvApplication in 0.428 seconds (process running for 0.515)
2025-07-23T03:08:22.247+05:30  INFO 99559 --- [cv-app] [nio-8081-exec-1] o.a.c.c.C.[Tomcat].[localhost].[/]       : Initializing Spring DispatcherServlet 'dispatcherServlet'
2025-07-23T03:08:22.247+05:30  INFO 99559 --- [cv-app] [nio-8081-exec-1] o.s.web.servlet.DispatcherServlet        : Initializing Servlet 'dispatcherServlet'
2025-07-23T03:08:22.248+05:30  INFO 99559 --- [cv-app] [nio-8081-exec-1] o.s.web.servlet.DispatcherServlet        : Completed initialization in 1 ms
